2025-03-26 18:15:37.468000Z - newegg.com - 1743011941 status: 1
2025-03-26 18:15:37.472000Z - tuberel.com - 1743011941 status: 1
2025-03-26 18:15:37.472000Z - urdupoint.com - 1743011941 status: 1
2025-03-26 18:15:37.472000Z - ampclicks.com - 1743011941 status: 1
2025-03-26 18:15:37.472000Z - hdfcbank.com - 1743011941 status: 1
2025-03-26 18:15:37.472000Z - amazon.cn - 1743011941 status: 1
2025-03-26 18:15:37.472000Z - google.com.pk - 1743011941 status: 1
2025-03-26 18:15:37.472000Z - 4pda.ru - 1743011941 status: 0
2025-03-26 18:15:37.472000Z - wordpress.org - 1743011941 status: 1
2025-03-26 18:15:37.472000Z - 360.cn - 1743011941 status: 1
2025-03-26 18:15:37.472000Z - avito.ru - 1743011941 status: 1
2025-03-26 18:15:37.472000Z - nhk.or.jp - 1743011941 status: 0
2025-03-26 18:15:37.472000Z - kijiji.ca - 1743011941 status: 1
2025-03-26 18:15:37.472000Z - change.org - 1743011941 status: 1
2025-03-26 18:15:37.472000Z - taobao.com - 1743011941 status: 1
2025-03-26 18:15:37.472000Z - mozilla.org - 1743011941 status: 0
2025-03-26 18:15:37.472000Z - eventbrite.com - 1743011941 status: 1
2025-03-26 18:15:37.472000Z - youth.cn - 1743011941 status: 1
2025-03-26 18:15:37.472000Z - zhanqi.tv - 1743011941 status: 0
2025-03-26 18:15:37.472000Z - eskimi.com - 1743011941 status: 1
2025-03-26 18:15:37.472000Z - albawabhnews.com - 1743011941 status: 0
2025-03-26 18:15:37.472000Z - wwwpromoter.com - 1743011941 status: 0
2025-03-26 18:15:37.472000Z - wp.pl - 1743011941 status: 1
2025-03-26 18:15:37.472000Z - paytm.com - 1743011941 status: 1
2025-03-26 18:15:37.472000Z - adbooth.com - 1743011941 status: 0
2025-03-26 18:15:37.472000Z - espncricinfo.com - 1743011941 status: 1
2025-03-26 18:15:37.472000Z - ebates.com - 1743011941 status: 1
2025-03-26 18:15:37.472000Z - zing.vn - 1743011941 status: 1
2025-03-26 18:15:37.472000Z - flipkart.com - 1743011941 status: 1
2025-03-26 18:15:37.472000Z - k618.cn - 1743011941 status: 1
2025-03-26 18:15:37.472000Z - olx.ua - 1743011941 status: 1
2025-03-26 18:15:37.472000Z - google.nl - 1743011941 status: 1
2025-03-26 18:15:37.472000Z - zomato.com - 1743011941 status: 1
2025-03-26 18:15:37.472000Z - 9gag.com - 1743011941 status: 1
2025-03-26 18:15:37.472000Z - 4dsply.com - 1743011941 status: 1
2025-03-26 18:15:37.472000Z - thedailybeast.com - 1743011941 status: 1
2025-03-26 18:15:37.472000Z - varzesh3.com - 1743011941 status: 1
2025-03-26 18:15:37.472000Z - messenger.com - 1743011941 status: 1
2025-03-26 18:15:37.472000Z - geocities.jp - 1743011941 status: 0
2025-03-26 18:15:37.472000Z - prpops.com - 1743011941 status: 0
2025-03-26 18:15:37.472000Z - donga.com - 1743011941 status: 0
2025-03-26 18:15:37.472000Z - verizon.com - 1743011941 status: 1
2025-03-26 18:15:37.472000Z - telekom.com - 1743011941 status: 1
2025-03-26 18:15:37.472000Z - bodybuilding.com - 1743011941 status: 1
2025-03-26 18:15:37.472000Z - niuche.com - 1743011941 status: 1
2025-03-26 18:15:37.472000Z - amazon.co.jp - 1743011941 status: 1
2025-03-26 18:15:37.472000Z - bhaskar.com - 1743011941 status: 1
2025-03-26 18:15:37.472000Z - google.co.id - 1743011941 status: 1
2025-03-26 18:15:37.472000Z - mega.co.nz - 1743011941 status: 1
2025-03-26 18:15:37.472000Z - auction.co.kr - 1743011941 status: 1
2025-03-26 18:15:37.472000Z - hilton.com - 1743011941 status: 1
2025-03-26 18:15:37.472000Z - siteadvisor.com - 1743011941 status: 0
2025-03-26 18:15:37.472000Z - feedly.com - 1743011941 status: 1
2025-03-26 18:15:37.472000Z - bankofamerica.com - 1743011941 status: 1
2025-03-26 18:15:37.472000Z - vice.com - 1743011941 status: 1
2025-03-26 18:15:37.472000Z - dell.com - 1743011941 status: 1
2025-03-26 18:15:37.472000Z - pandora.com - 1743011941 status: 1
2025-03-26 18:15:37.472000Z - xbox.com - 1743011941 status: 0
2025-03-26 18:15:37.472000Z - politico.com - 1743011941 status: 1
2025-03-26 18:15:37.472000Z - douyu.com - 1743011941 status: 1
2025-03-26 18:15:37.472000Z - xe.com - 1743011941 status: 1
2025-03-26 18:15:37.472000Z - doorblog.jp - 1743011941 status: 1
2025-03-26 18:15:37.472000Z - youtube-mp3.org - 1743011941 status: 0
2025-03-26 18:15:37.472000Z - lenovo.com - 1743011941 status: 1
2025-03-26 18:15:37.472000Z - mayoclinic.org - 1743011941 status: 1
2025-03-26 18:15:37.472000Z - audible.com - 1743011941 status: 1
2025-03-26 18:15:37.472000Z - zol.com.cn - 1743011941 status: 1
2025-03-26 18:15:37.472000Z - ups.com - 1743011941 status: 1
2025-03-26 18:15:37.472000Z - amazon.it - 1743011941 status: 1
2025-03-26 18:15:37.472000Z - pixabay.com - 1743011941 status: 1
2025-03-26 18:15:37.472000Z - sakura.ne.jp - 1743011941 status: 1
2025-03-26 18:15:37.472000Z - t.co - 1743011941 status: 1
2025-03-26 18:15:37.472000Z - timeanddate.com - 1743011941 status: 1
2025-03-26 18:15:37.472000Z - mcafee.com - 1743011941 status: 1
2025-03-26 18:15:37.472000Z - youtube.com - 1743011941 status: 1
2025-03-26 18:15:37.472000Z - hootsuite.com - 1743011941 status: 1
2025-03-26 18:15:37.472000Z - bing.com - 1743011941 status: 1
2025-03-26 18:15:37.472000Z - google.it - 1743011941 status: 1
2025-03-26 18:15:37.472000Z - mirror.co.uk - 1743011941 status: 1
2025-03-26 18:15:37.472000Z - ign.com - 1743011941 status: 0
2025-03-26 18:15:37.472000Z - ticketmaster.com - 1743011941 status: 1
2025-03-26 18:15:37.472000Z - internethaber.com - 1743011941 status: 1
2025-03-26 18:15:37.472000Z - norton.com - 1743011941 status: 1
2025-03-26 18:15:37.472000Z - php.net - 1743011941 status: 1
2025-03-26 18:15:37.472000Z - buy.tmall.com - 1743011941 status: 1
2025-03-26 18:15:37.472000Z - aliexpress.com - 1743011941 status: 1
2025-03-26 18:15:37.472000Z - indianexpress.com - 1743011941 status: 0
2025-03-26 18:15:37.472000Z - southwest.com - 1743011941 status: 0
2025-03-26 18:15:37.472000Z - spankbang.com - 1743011941 status: 1
2025-03-26 18:15:37.472000Z - acfun.tv - 1743011941 status: 1
2025-03-26 18:15:37.472000Z - tsite.jp - 1743011941 status: 1
2025-03-26 18:15:37.472000Z - coccoc.com - 1743011941 status: 0
2025-03-26 18:15:37.472000Z - popcash.net - 1743011941 status: 1
2025-03-26 18:15:37.472000Z - weibo.com - 1743011941 status: 1
2025-03-26 18:15:37.472000Z - alexa.cn - 1743011941 status: 1
2025-03-26 18:15:37.472000Z - steamcommunity.com - 1743011941 status: 0
2025-03-26 18:15:37.472000Z - sh.st - 1743011941 status: 0
2025-03-26 18:15:37.472000Z - wikiwiki.jp - 1743011941 status: 1
2025-03-26 18:15:37.472000Z - list-manage.com - 1743011941 status: 0
2025-03-26 18:15:37.472000Z - pinimg.com - 1743011941 status: 0
2025-03-26 18:15:37.472000Z - capitalone.com - 1743011941 status: 1
2025-03-26 18:15:37.472000Z - google.com.ar - 1743011941 status: 1
2025-03-26 18:15:37.472000Z - chinaz.com - 1743011941 status: 1
2025-03-26 18:15:37.472000Z - google.com.tw - 1743011941 status: 1
2025-03-26 18:15:37.472000Z - livejasmin.com - 1743011941 status: 1
2025-03-26 18:15:37.472000Z - slither.io - 1743011941 status: 1
2025-03-26 18:15:37.472000Z - sourceforge.net - 1743011941 status: 1
2025-03-26 18:15:37.472000Z - independent.co.uk - 1743011941 status: 1
2025-03-26 18:15:37.472000Z - rottentomatoes.com - 1743011941 status: 1
2025-03-26 18:15:37.472000Z - soundcloud.com - 1743011941 status: 1
2025-03-26 18:15:37.472000Z - go.com - 1743011941 status: 1
2025-03-26 18:15:37.472000Z - y8.com - 1743011941 status: 1
2025-03-26 18:15:37.472000Z - vox.com - 1743011941 status: 1
2025-03-26 18:15:37.472000Z - bankmellat.ir - 1743011941 status: 0
2025-03-26 18:15:37.472000Z - stockstar.com - 1743011941 status: 1
2025-03-26 18:15:37.472000Z - google.ru - 1743011941 status: 1
2025-03-26 18:15:37.472000Z - soso.com - 1743011941 status: 1
2025-03-26 18:15:37.472000Z - icloud.com - 1743011941 status: 1
2025-03-26 18:15:37.472000Z - blogspot.jp - 1743011941 status: 0
2025-03-26 18:15:37.472000Z - dcinside.com - 1743011941 status: 0
2025-03-26 18:15:37.472000Z - idnes.cz - 1743011941 status: 1
2025-03-26 18:15:37.472000Z - bilibili.com - 1743011941 status: 1
2025-03-26 18:15:37.472000Z - patch.com - 1743011941 status: 1
2025-03-26 18:15:37.472000Z - fedex.com - 1743011941 status: 1
2025-03-26 18:15:37.472000Z - slate.com - 1743011941 status: 1
2025-03-26 18:15:37.472000Z - investing.com - 1743011941 status: 1
2025-03-26 18:15:37.472000Z - babytree.com - 1743011941 status: 1
2025-03-26 18:15:37.472000Z - ameblo.jp - 1743011941 status: 1
2025-03-26 18:15:37.472000Z - thesportbible.com - 1743011941 status: 0
2025-03-26 18:15:37.472000Z - e-hentai.org - 1743011941 status: 1
2025-03-26 18:15:37.472000Z - wix.com - 1743011941 status: 1
2025-03-26 18:15:37.472000Z - pogo.com - 1743011941 status: 1
2025-03-26 18:15:37.472000Z - sozcu.com.tr - 1743011941 status: 1
2025-03-26 18:15:37.472000Z - naver.jp - 1743011941 status: 0
2025-03-26 18:15:37.472000Z - anitube.se - 1743011941 status: 0
2025-03-26 18:15:37.472000Z - jd.com - 1743011941 status: 1
2025-03-26 18:15:37.472000Z - sabah.com.tr - 1743011941 status: 0
2025-03-26 18:15:37.472000Z - kakaku.com - 1743011941 status: 1
2025-03-26 18:15:37.472000Z - myanimelist.net - 1743011941 status: 1
2025-03-26 18:15:37.472000Z - filehippo.com - 1743011941 status: 1
2025-03-26 18:15:37.472000Z - walgreens.com - 1743011941 status: 1
2025-03-26 18:15:37.472000Z - ensonhaber.com - 1743011941 status: 1
2025-03-26 18:15:37.472000Z - yesky.com - 1743011941 status: 1
2025-03-26 18:15:37.472000Z - hurriyet.com.tr - 1743011941 status: 1
2025-03-26 18:15:37.472000Z - thewatchseries.to - 1743011941 status: 0
2025-03-26 18:15:37.472000Z - aliyun.com - 1743011941 status: 1
2025-03-26 18:15:37.472000Z - bidverdrd.com - 1743011941 status: 0
2025-03-26 18:15:37.472000Z - youdao.com - 1743011941 status: 0
2025-03-26 18:15:37.472000Z - duolingo.com - 1743011941 status: 0
2025-03-26 18:15:37.472000Z - telegraph.co.uk - 1743011941 status: 1
2025-03-26 18:15:37.472000Z - macys.com - 1743011941 status: 0
2025-03-26 18:15:37.472000Z - makemytrip.com - 1743011941 status: 1
2025-03-26 18:15:37.472000Z - sciencedirect.com - 1743011941 status: 1
2025-03-26 18:15:37.472000Z - chase.com - 1743011941 status: 1
2025-03-26 18:15:37.472000Z - wattpad.com - 1743011941 status: 1
2025-03-26 18:15:37.472000Z - overstock.com - 1743011941 status: 1
2025-03-26 18:15:37.472000Z - pinterest.com - 1743011941 status: 0
2025-03-26 18:15:37.472000Z - kotaku.com - 1743011941 status: 1
2025-03-26 18:15:37.472000Z - ytimg.com - 1743011941 status: 0
2025-03-26 18:15:37.472000Z - redtube.com - 1743011941 status: 0
2025-03-26 18:15:37.472000Z - thatviralfeed.com - 1743011941 status: 1
2025-03-26 18:15:37.472000Z - zara.com - 1743011941 status: 1
2025-03-26 18:15:37.472000Z - blkget.com - 1743011941 status: 0
2025-03-26 18:15:37.472000Z - globo.com - 1743011941 status: 1
2025-03-26 18:15:37.472000Z - ebay.fr - 1743011941 status: 1
2025-03-26 18:15:37.472000Z - yandex.ua - 1743011941 status: 0
2025-03-26 18:15:37.472000Z - yandex.ru - 1743011941 status: 0
2025-03-26 18:15:37.472000Z - cctv.com - 1743011941 status: 1
2025-03-26 18:15:37.472000Z - web.de - 1743011941 status: 1
2025-03-26 18:15:37.472000Z - taringa.net - 1743011941 status: 1
2025-03-26 18:15:37.472000Z - sogou.com - 1743011941 status: 1
2025-03-26 18:15:37.472000Z - google.com.co - 1743011941 status: 1
2025-03-26 18:15:37.472000Z - google.lt - 1743011941 status: 1
2025-03-26 18:15:37.472000Z - udemy.com - 1743011941 status: 1
2025-03-26 18:15:37.472000Z - sina.com.cn - 1743011941 status: 1
2025-03-26 18:15:37.472000Z - reddit.com - 1743011941 status: 1
2025-03-26 18:15:37.472000Z - givemesport.com - 1743011941 status: 1
2025-03-26 18:15:37.472000Z - hdzog.com - 1743011941 status: 1
2025-03-26 18:15:37.472000Z - nexusmods.com - 1743011941 status: 0
2025-03-26 18:15:37.472000Z - vporn.com - 1743011941 status: 0
2025-03-26 18:15:37.472000Z - tmall.com - 1743011941 status: 1
2025-03-26 18:15:37.472000Z - viralthread.com - 1743011941 status: 1
2025-03-26 18:15:37.472000Z - wsj.com - 1743011941 status: 1
2025-03-26 18:15:37.472000Z - theverge.com - 1743011941 status: 1
2025-03-26 18:15:37.472000Z - files.wordpress.com - 1743011941 status: 1
2025-03-26 18:15:37.472000Z - constantcontact.com - 1743011941 status: 1
2025-03-26 18:15:37.472000Z - intel.com - 1743011941 status: 0
2025-03-26 18:15:37.472000Z - weblio.jp - 1743011941 status: 1
2025-03-26 18:15:37.472000Z - itmedia.co.jp - 1743011941 status: 1
2025-03-26 18:15:37.472000Z - google.az - 1743011941 status: 1
2025-03-26 18:15:37.472000Z - ameba.jp - 1743011941 status: 1
2025-03-26 18:15:37.472000Z - dictionary.com - 1743011941 status: 1
2025-03-26 18:15:37.472000Z - icicibank.com - 1743011941 status: 1
2025-03-26 18:15:37.472000Z - groupon.com - 1743011941 status: 1
2025-03-26 18:15:37.472000Z - twitch.tv - 1743011941 status: 1
2025-03-26 18:15:37.472000Z - reuters.com - 1743011941 status: 1
2025-03-26 18:15:37.472000Z - gfycat.com - 1743011941 status: 0
2025-03-26 18:15:37.472000Z - gazzetta.it - 1743011941 status: 1
2025-03-26 18:15:37.472000Z - gearbest.com - 1743011941 status: 0
2025-03-26 18:15:37.472000Z - shopify.com - 1743011941 status: 1
2025-03-26 18:15:37.472000Z - themeforest.net - 1743011941 status: 1
2025-03-26 18:15:37.472000Z - google.pl - 1743011941 status: 1
2025-03-26 18:15:37.472000Z - hatena.ne.jp - 1743011941 status: 0
2025-03-26 18:15:37.472000Z - google.es - 1743011941 status: 1
2025-03-26 18:15:37.472000Z - marktplaats.nl - 1743011941 status: 1
2025-03-26 18:15:37.472000Z - roblox.com - 1743011941 status: 0
2025-03-26 18:15:37.472000Z - 39.net - 1743011941 status: 1
2025-03-26 18:15:37.472000Z - mynavi.jp - 1743011941 status: 1
2025-03-26 18:15:37.472000Z - panet.co.il - 1743011941 status: 1
2025-03-26 18:15:37.472000Z - iqiyi.com - 1743011941 status: 1
2025-03-26 18:15:37.472000Z - irctc.co.in - 1743011941 status: 0
2025-03-26 18:15:37.472000Z - marca.com - 1743011941 status: 1
2025-03-26 18:15:37.472000Z - kissanime.to - 1743011941 status: 0
2025-03-26 18:15:37.472000Z - ebay.co.uk - 1743011941 status: 1
2025-03-26 18:15:37.472000Z - lun.com - 1743011941 status: 0
2025-03-26 18:15:37.472000Z - primewire.ag - 1743011941 status: 1
2025-03-26 18:15:37.472000Z - panasonic.jp - 1743011941 status: 0
2025-03-26 18:15:37.472000Z - biobiochile.cl - 1743011941 status: 1
2025-03-26 18:15:37.472000Z - quora.com - 1743011941 status: 0
2025-03-26 18:15:37.472000Z - axisbank.co.in - 1743011941 status: 0
2025-03-26 18:15:37.472000Z - google.pt - 1743011941 status: 1
2025-03-26 18:15:37.472000Z - addthis.com - 1743011941 status: 1
2025-03-26 18:15:37.472000Z - netflix.com - 1743011941 status: 1
2025-03-26 18:15:37.472000Z - topix.com - 1743011941 status: 1
2025-03-26 18:15:37.472000Z - wetransfer.com - 1743011941 status: 1
2025-03-26 18:15:37.472000Z - westernjournalism.com - 1743011941 status: 1
2025-03-26 18:15:37.472000Z - duowan.com - 1743011941 status: 0
2025-03-26 18:15:37.472000Z - kickstarter.com - 1743011941 status: 1
2025-03-26 18:15:37.472000Z - hubspot.com - 1743011941 status: 1
2025-03-26 18:15:37.472000Z - chouftv.ma - 1743011941 status: 1
2025-03-26 18:15:37.472000Z - livedoor.com - 1743011941 status: 0
2025-03-26 18:15:37.472000Z - cnnic.cn - 1743011941 status: 0
2025-03-26 18:15:37.472000Z - ozock.com - 1743011941 status: 0
2025-03-26 18:15:37.472000Z - momoshop.com.tw - 1743011941 status: 0
2025-03-26 18:15:37.472000Z - chaoshi.tmall.com - 1743011941 status: 1
2025-03-26 18:15:37.472000Z - asus.com - 1743011941 status: 1
2025-03-26 18:15:37.472000Z - tradeadexchange.com - 1743011941 status: 0
2025-03-26 18:15:37.472000Z - w3schools.com - 1743011941 status: 1
2025-03-26 18:15:37.472000Z - bola.net - 1743011941 status: 1
2025-03-26 18:15:37.472000Z - sears.com - 1743011941 status: 0
2025-03-26 18:15:37.472000Z - rediff.com - 1743011941 status: 0
2025-03-26 18:15:37.472000Z - yelp.com - 1743011941 status: 1
2025-03-26 18:15:37.472000Z - xnxx.com - 1743011941 status: 0
2025-03-26 18:15:37.472000Z - cnblogs.com - 1743011941 status: 0
2025-03-26 18:15:37.472000Z - samsung.com - 1743011941 status: 1
2025-03-26 18:15:37.472000Z - kooora.com - 1743011941 status: 1
2025-03-26 18:15:37.472000Z - chron.com - 1743011941 status: 1
2025-03-26 18:15:37.472000Z - moneycontrol.com - 1743011941 status: 1
2025-03-26 18:15:37.472000Z - gofundme.com - 1743011941 status: 1
2025-03-26 18:15:37.472000Z - mixi.jp - 1743011941 status: 0
2025-03-26 18:15:37.472000Z - ask.fm - 1743011941 status: 0
2025-03-26 18:15:37.472000Z - google.co.za - 1743011941 status: 1
2025-03-26 18:15:37.472000Z - instructure.com - 1743011941 status: 1
2025-03-26 18:15:37.472000Z - cocolog-nifty.com - 1743011941 status: 0
2025-03-26 18:15:37.472000Z - lazada.co.id - 1743011941 status: 1
2025-03-26 18:15:37.472000Z - oeeee.com - 1743011941 status: 1
2025-03-26 18:15:37.472000Z - bet365.com - 1743011941 status: 1
2025-03-26 18:15:37.472000Z - alipay.com - 1743011941 status: 1
2025-03-26 18:15:37.472000Z - xfinity.com - 1743011941 status: 0
2025-03-26 18:15:37.472000Z - meetup.com - 1743011941 status: 1
2025-03-26 18:15:37.472000Z - google.bg - 1743011941 status: 1
2025-03-26 18:15:37.472000Z - homedepot.com - 1743011941 status: 1
2025-03-26 18:15:37.472000Z - about.com - 1743011941 status: 1
2025-03-26 18:15:37.472000Z - offerhaus.link - 1743011941 status: 1
2025-03-26 18:15:37.472000Z - interia.pl - 1743011941 status: 1
2025-03-26 18:15:37.472000Z - jabong.com - 1743011941 status: 1
2025-03-26 18:15:37.472000Z - elevenia.co.id - 1743011941 status: 0
2025-03-26 18:15:37.472000Z - tistory.com - 1743011941 status: 1
2025-03-26 18:15:37.472000Z - myfitnesspal.com - 1743011941 status: 1
2025-03-26 18:15:37.472000Z - upwork.com - 1743011941 status: 1
2025-03-26 18:15:37.472000Z - akamaihd.net - 1743011941 status: 0
2025-03-26 18:15:37.472000Z - rt.com - 1743011941 status: 1
2025-03-26 18:15:37.472000Z - livedoor.jp - 1743011941 status: 0
2025-03-26 18:15:37.472000Z - webex.com - 1743011941 status: 0
2025-03-26 18:15:37.472000Z - pixnet.net - 1743011941 status: 0
2025-03-26 18:15:37.472000Z - bhphotovideo.com - 1743011941 status: 1
2025-03-26 18:15:37.472000Z - zappos.com - 1743011941 status: 1
2025-03-26 18:15:37.472000Z - twimg.com - 1743011941 status: 0
2025-03-26 18:15:37.472000Z - duckduckgo.com - 1743011941 status: 1
2025-03-26 18:15:37.472000Z - zendesk.com - 1743011941 status: 1
2025-03-26 18:15:37.472000Z - mailchimp.com - 1743011941 status: 1
2025-03-26 18:15:37.472000Z - indiatimes.com - 1743011941 status: 1
2025-03-26 18:15:37.472000Z - umblr.com - 1743011941 status: 1
2025-03-26 18:15:37.472000Z - urbandictionary.com - 1743011941 status: 1
2025-03-26 18:15:37.472000Z - gap.com - 1743011941 status: 1
2025-03-26 18:15:37.472000Z - google.com.ua - 1743011941 status: 1
2025-03-26 18:15:37.472000Z - youku.com - 1743011941 status: 1
2025-03-26 18:15:37.472000Z - dailypakistan.com.pk - 1743011941 status: 1
2025-03-26 18:15:37.472000Z - googleusercontent.com - 1743011941 status: 0
2025-03-26 18:15:37.472000Z - bp.blogspot.com - 1743011941 status: 0
2025-03-26 18:15:37.472000Z - videomega.tv - 1743011941 status: 1
2025-03-26 18:15:37.472000Z - photobucket.com - 1743011941 status: 1
2025-03-26 18:15:37.472000Z - att.com - 1743011941 status: 1
2025-03-26 18:15:37.472000Z - bs.to - 1743011941 status: 1
2025-03-26 18:15:37.472000Z - breitbart.com - 1743011941 status: 1
2025-03-26 18:15:37.472000Z - tribunnews.com - 1743011941 status: 1
2025-03-26 18:15:37.472000Z - indiamart.com - 1743011941 status: 1
2025-03-26 18:15:37.472000Z - playstation.com - 1743011941 status: 1
2025-03-26 18:15:37.472000Z - amazon.com - 1743011941 status: 1
2025-03-26 18:15:37.472000Z - baidu.com - 1743011941 status: 0
2025-03-26 18:15:37.472000Z - kapanlagi.com - 1743011941 status: 1
2025-03-26 18:15:37.472000Z - reddituploads.com - 1743011941 status: 0
2025-03-26 18:15:37.472000Z - skype.com - 1743011941 status: 0
2025-03-26 18:15:37.472000Z - thesaurus.com - 1743011941 status: 1
2025-03-26 18:15:37.472000Z - kompas.com - 1743011941 status: 1
2025-03-26 18:15:37.472000Z - 360doc.com - 1743011941 status: 1
2025-03-26 18:15:37.472000Z - hespress.com - 1743011941 status: 1
2025-03-26 18:15:37.472000Z - ebay.de - 1743011941 status: 1
2025-03-26 18:15:37.472000Z - basecamp.com - 1743011941 status: 1
2025-03-26 18:15:37.472000Z - infusionsoft.com - 1743011941 status: 1
2025-03-26 18:15:37.472000Z - wp.com - 1743011941 status: 0
2025-03-26 18:15:37.472000Z - bleacherreport.com - 1743011941 status: 0
2025-03-26 18:15:37.472000Z - flashx.tv - 1743011941 status: 0
2025-03-26 18:15:37.472000Z - gamespot.com - 1743011941 status: 1
2025-03-26 18:15:37.472000Z - livescore.com - 1743011941 status: 1
2025-03-26 18:15:37.472000Z - le.com - 1743011941 status: 1
2025-03-26 18:15:37.472000Z - fidelity.com - 1743011941 status: 1
2025-03-26 18:15:37.472000Z - uptodown.com - 1743011941 status: 1
2025-03-26 18:15:37.472000Z - olx.com.br - 1743011941 status: 1
2025-03-26 18:15:37.472000Z - imgur.com - 1743011941 status: 1
2025-03-26 18:15:37.472000Z - spotify.com - 1743011941 status: 1
2025-03-26 18:15:37.472000Z - syosetu.com - 1743011941 status: 1
2025-03-26 18:15:37.472000Z - adidas.tmall.com - 1743011941 status: 1
2025-03-26 18:15:37.472000Z - kat.cr - 1743011941 status: 1
2025-03-26 18:15:37.472000Z - sex.com - 1743011941 status: 1
2025-03-26 18:15:37.472000Z - prezi.com - 1743011941 status: 1
2025-03-26 18:15:37.472000Z - parentanswercentre.com - 1743011941 status: 0
2025-03-26 18:15:37.472000Z - ctrip.com - 1743011941 status: 1
2025-03-26 18:15:37.472000Z - mbc.net - 1743011941 status: 0
2025-03-26 18:15:37.472000Z - mobile.de - 1743011941 status: 1
2025-03-26 18:15:37.472000Z - gmw.cn - 1743011941 status: 1
2025-03-26 18:15:37.472000Z - mapquest.com - 1743011941 status: 1
2025-03-26 18:15:37.472000Z - walmart.com - 1743011941 status: 1
2025-03-26 18:15:37.472000Z - google.com - 1743011941 status: 0
2025-03-26 18:15:37.472000Z - fanfiction.net - 1743011941 status: 1
2025-03-26 18:15:37.472000Z - pnc.com - 1743011941 status: 0
2025-03-26 18:15:37.472000Z - xvideos.com - 1743011941 status: 0
2025-03-26 18:15:37.472000Z - youjizz.com - 1743011941 status: 1
2025-03-26 18:15:37.472000Z - otto.de - 1743011941 status: 1
2025-03-26 18:15:37.472000Z - pantip.com - 1743011941 status: 1
2025-03-26 18:15:37.472000Z - wellsfargo.com - 1743011941 status: 1
2025-03-26 18:15:37.472000Z - mi.com - 1743011941 status: 1
2025-03-26 18:15:37.472000Z - freepik.com - 1743011941 status: 1
2025-03-26 18:15:37.472000Z - bookmyshow.com - 1743011941 status: 0
2025-03-26 18:15:37.472000Z - google.co.uk - 1743011941 status: 1
2025-03-26 18:15:37.472000Z - prothom-alo.com - 1743011941 status: 1
2025-03-26 18:15:37.472000Z - ebay.it - 1743011941 status: 1
2025-03-26 18:15:37.472000Z - gizmodo.com - 1743011941 status: 1
2025-03-26 18:15:37.472000Z - teepr.com - 1743011941 status: 1
2025-03-26 18:15:37.472000Z - putlocker.is - 1743011941 status: 0
2025-03-26 18:15:37.472000Z - blogspot.com.br - 1743011941 status: 0
2025-03-26 18:15:37.472000Z - gameforge.com - 1743011941 status: 0
2025-03-26 18:15:37.472000Z - redirectvoluum.com - 1743011941 status: 0
2025-03-26 18:15:37.472000Z - retailmenot.com - 1743011941 status: 1
2025-03-26 18:15:37.472000Z - chaturbate.com - 1743011941 status: 1
2025-03-26 18:15:37.472000Z - daum.net - 1743011941 status: 1
2025-03-26 18:15:37.472000Z - google.gr - 1743011941 status: 1
2025-03-26 18:15:37.472000Z - behance.net - 1743011941 status: 1
2025-03-26 18:15:37.472000Z - pch.com - 1743011941 status: 0
2025-03-26 18:15:37.472000Z - okezone.com - 1743011941 status: 1
2025-03-26 18:15:37.472000Z - gazetaexpress.com - 1743011941 status: 1
2025-03-26 18:15:37.472000Z - namu.wiki - 1743011941 status: 1
2025-03-26 18:15:37.472000Z - so-net.ne.jp - 1743011941 status: 1
2025-03-26 18:15:37.472000Z - tudou.com - 1743011941 status: 1
2025-03-26 18:15:37.472000Z - quizlet.com - 1743011941 status: 1
2025-03-26 18:15:37.472000Z - heroquizz.com - 1743011941 status: 0
2025-03-26 18:15:37.472000Z - china.com - 1743011941 status: 0
2025-03-26 18:15:37.472000Z - marriott.com - 1743011941 status: 1
2025-03-26 18:15:37.472000Z - commentcamarche.net - 1743011941 status: 1
2025-03-26 18:15:37.472000Z - eksisozluk.com - 1743011941 status: 1
2025-03-26 18:15:37.472000Z - exblog.jp - 1743011941 status: 1
2025-03-26 18:15:37.472000Z - kinogo.co - 1743011941 status: 0
2025-03-26 18:15:37.472000Z - google.ae - 1743011941 status: 1
2025-03-26 18:15:37.472000Z - wikia.com - 1743011941 status: 1
2025-03-26 18:15:37.472000Z - naukri.com - 1743011941 status: 1
2025-03-26 18:15:37.472000Z - adobe.com - 1743011941 status: 1
2025-03-26 18:15:37.472000Z - businessinsider.com - 1743011941 status: 1
2025-03-26 18:15:37.472000Z - aastocks.com - 1743011941 status: 1
2025-03-26 18:15:37.472000Z - blog.jp - 1743011941 status: 1
2025-03-26 18:15:37.472000Z - dmm.com - 1743011941 status: 1
2025-03-26 18:15:37.472000Z - subscene.com - 1743011941 status: 1
2025-03-26 18:15:37.472000Z - answers.com - 1743011941 status: 1
2025-03-26 18:15:37.472000Z - vk.me - 1743011941 status: 1
2025-03-26 18:15:37.472000Z - delta.com - 1743011941 status: 1
2025-03-26 18:15:37.472000Z - 2ch.net - 1743011941 status: 0
2025-03-26 18:15:37.472000Z - elfagr.org - 1743011941 status: 0
2025-03-26 18:15:37.472000Z - mercadolivre.com.br - 1743011941 status: 1
2025-03-26 18:15:37.472000Z - eastday.com - 1743011941 status: 1
2025-03-26 18:15:37.472000Z - godaddy.com - 1743011941 status: 1
2025-03-26 18:15:37.472000Z - seznam.cz - 1743011941 status: 1
2025-03-26 18:15:37.472000Z - target.com - 1743011941 status: 1
2025-03-26 18:15:37.472000Z - ebay-kleinanzeigen.de - 1743011941 status: 1
2025-03-26 18:15:37.472000Z - getpocket.com - 1743011941 status: 1
2025-03-26 18:15:37.472000Z - livejournal.com - 1743011941 status: 1
2025-03-26 18:15:37.472000Z - 17ok.com - 1743011941 status: 0
2025-03-26 18:15:37.472000Z - tmz.com - 1743011941 status: 1
2025-03-26 18:15:37.472000Z - amazonaws.com - 1743011941 status: 1
2025-03-26 18:15:37.472000Z - huaban.com - 1743011941 status: 1
2025-03-26 18:15:37.472000Z - justdial.com - 1743011941 status: 0
2025-03-26 18:15:37.472000Z - ca.gov - 1743011941 status: 0
2025-03-26 18:15:37.472000Z - wikihow.com - 1743011941 status: 1
2025-03-26 18:15:37.472000Z - xhamster.com - 1743011941 status: 1
2025-03-26 18:15:37.472000Z - himado.in - 1743011941 status: 0
2025-03-26 18:15:37.472000Z - thefreedictionary.com - 1743011941 status: 1
2025-03-26 18:15:37.472000Z - biglobe.ne.jp - 1743011941 status: 1
2025-03-26 18:15:37.472000Z - jimdo.com - 1743011941 status: 1
2025-03-26 18:15:37.472000Z - onedio.com - 1743011941 status: 1
2025-03-26 18:15:37.472000Z - mint.com - 1743011941 status: 1
2025-03-26 18:15:37.472000Z - mama.cn - 1743011941 status: 1
2025-03-26 18:15:37.472000Z - amazon.ca - 1743011941 status: 1
2025-03-26 18:15:37.472000Z - google.co.kr - 1743011941 status: 1
2025-03-26 18:15:37.472000Z - microsoftstore.com - 1743011941 status: 1
2025-03-26 18:15:37.472000Z - divar.ir - 1743011941 status: 1
2025-03-26 18:15:37.472000Z - cnzz.com - 1743011941 status: 0
2025-03-26 18:15:37.472000Z - zone-telechargement.com - 1743011941 status: 1
2025-03-26 18:15:37.472000Z - google.cl - 1743011941 status: 1
2025-03-26 18:15:37.472000Z - google.com.hk - 1743011941 status: 1
2025-03-26 18:15:37.472000Z - whitepages.com - 1743011941 status: 1
2025-03-26 18:15:37.472000Z - isanalyze.com - 1743011941 status: 1
2025-03-26 18:15:37.472000Z - cnn.com - 1743011941 status: 1
2025-03-26 18:15:37.472000Z - telegram.me - 1743011941 status: 1
2025-03-26 18:15:37.472000Z - kohls.com - 1743011941 status: 0
2025-03-26 18:15:37.472000Z - gismeteo.ru - 1743011941 status: 1
2025-03-26 18:15:37.472000Z - gamepedia.com - 1743011941 status: 1
2025-03-26 18:15:37.472000Z - google.com.vn - 1743011941 status: 1
2025-03-26 18:15:37.472000Z - free.fr - 1743011941 status: 1
2025-03-26 18:15:37.472000Z - farsnews.com - 1743011941 status: 0
2025-03-26 18:15:37.472000Z - mediafire.com - 1743011941 status: 1
2025-03-26 18:15:37.472000Z - xcar.com.cn - 1743011941 status: 0
2025-03-26 18:15:37.472000Z - google.rs - 1743011941 status: 1
2025-03-26 18:15:37.472000Z - olx.in - 1743011941 status: 1
2025-03-26 18:15:37.472000Z - softonic.com - 1743011941 status: 1
2025-03-26 18:15:37.472000Z - g2a.com - 1743011941 status: 1
2025-03-26 18:15:37.472000Z - seasonvar.ru - 1743011941 status: 1
2025-03-26 18:15:37.472000Z - npr.org - 1743011941 status: 1
2025-03-26 18:15:37.472000Z - nordstrom.com - 1743011941 status: 1
2025-03-26 18:15:37.472000Z - onet.pl - 1743011941 status: 1
2025-03-26 18:15:37.472000Z - discover.com - 1743011941 status: 1
2025-03-26 18:15:37.472000Z - credit-agricole.fr - 1743011941 status: 1
2025-03-26 18:15:37.472000Z - cloudfront.net - 1743011941 status: 0
2025-03-26 18:15:37.472000Z - box.com - 1743011941 status: 1
2025-03-26 18:15:37.472000Z - enet.com.cn - 1743011941 status: 1
2025-03-26 18:15:37.472000Z - caijing.com.cn - 1743011941 status: 1
2025-03-26 18:15:37.472000Z - weebly.com - 1743011941 status: 0
2025-03-26 18:15:37.472000Z - blackboard.com - 1743011941 status: 1
2025-03-26 18:15:37.472000Z - weather.gov - 1743011941 status: 1
2025-03-26 18:15:37.472000Z - to8to.com - 1743011941 status: 1
2025-03-26 18:15:37.472000Z - google.by - 1743011941 status: 1
2025-03-26 18:15:37.472000Z - minecraft.net - 1743011941 status: 0
2025-03-26 18:15:37.472000Z - repubblica.it - 1743011941 status: 1
2025-03-26 18:15:37.472000Z - stumbleupon.com - 1743011941 status: 1
2025-03-26 18:15:37.472000Z - souq.com - 1743011941 status: 0
2025-03-26 18:15:37.472000Z - livedoor.biz - 1743011941 status: 1
2025-03-26 18:15:37.472000Z - bongacams.com - 1743011941 status: 0
2025-03-26 18:15:37.472000Z - google.com.ng - 1743011941 status: 1
2025-03-26 18:15:37.472000Z - rightmove.co.uk - 1743011941 status: 1
2025-03-26 18:15:37.472000Z - allrecipes.com - 1743011941 status: 1
2025-03-26 18:15:37.472000Z - prjcq.com - 1743011941 status: 1
2025-03-26 18:15:37.472000Z - ria.ru - 1743011941 status: 1
2025-03-26 18:15:37.472000Z - ci123.com - 1743011941 status: 0
2025-03-26 18:15:37.472000Z - 126.com - 1743011941 status: 1
2025-03-26 18:15:37.472000Z - hp.com - 1743011941 status: 1
2025-03-26 18:15:37.472000Z - elmundo.es - 1743011941 status: 1
2025-03-26 18:15:37.472000Z - state.gov - 1743011941 status: 1
2025-03-26 18:15:37.472000Z - whatsapp.com - 1743011941 status: 1
2025-03-26 18:15:37.472000Z - latimes.com - 1743011941 status: 1
2025-03-26 18:15:37.472000Z - uol.com.br - 1743011941 status: 1
2025-03-26 18:15:37.472000Z - cnet.com - 1743011941 status: 1
2025-03-26 18:15:37.472000Z - digikala.com - 1743011941 status: 1
2025-03-26 18:15:37.472000Z - archive.org - 1743011941 status: 1
2025-03-26 18:15:37.472000Z - hbogo.com - 1743011941 status: 1
2025-03-26 18:15:37.472000Z - mynet.com - 1743011941 status: 1
2025-03-26 18:15:37.472000Z - rarbg.to - 1743011941 status: 0
2025-03-26 18:15:37.472000Z - wordreference.com - 1743011941 status: 1
2025-03-26 18:15:37.472000Z - leboncoin.fr - 1743011941 status: 1
2025-03-26 18:15:37.472000Z - streamcloud.eu - 1743011941 status: 0
2025-03-26 18:15:37.472000Z - sohu.com - 1743011941 status: 0
2025-03-26 18:15:37.472000Z - cntv.cn - 1743011941 status: 1
2025-03-26 18:15:37.472000Z - avg.com - 1743011941 status: 1
2025-03-26 18:15:37.472000Z - tomshardware.com - 1743011941 status: 1
2025-03-26 18:15:37.472000Z - adf.ly - 1743011941 status: 0
2025-03-26 18:15:37.472000Z - ebay.com.au - 1743011941 status: 1
2025-03-26 18:15:37.472000Z - torrentz.eu - 1743011941 status: 1
2025-03-26 18:15:37.472000Z - ew.com - 1743011941 status: 1
2025-03-26 18:15:37.472000Z - qq.com - 1743011941 status: 0
2025-03-26 18:15:37.472000Z - dropbox.com - 1743011941 status: 1
2025-03-26 18:15:37.472000Z - americanexpress.com - 1743011941 status: 1
2025-03-26 18:15:37.472000Z - google.com.pe - 1743011941 status: 1
2025-03-26 18:15:37.472000Z - agoda.com - 1743011941 status: 1
2025-03-26 18:15:37.472000Z - ontests.me - 1743011941 status: 0
2025-03-26 18:15:37.472000Z - thekitchn.com - 1743011941 status: 1
2025-03-26 18:15:37.472000Z - aparat.com - 1743011941 status: 1
2025-03-26 18:15:37.472000Z - abril.com.br - 1743011941 status: 1
2025-03-26 18:15:37.472000Z - weather.com - 1743011941 status: 1
2025-03-26 18:15:37.472000Z - huanqiu.com - 1743011941 status: 0
2025-03-26 18:15:37.472000Z - ibm.com - 1743011941 status: 1
2025-03-26 18:15:37.472000Z - xywy.com - 1743011941 status: 0
2025-03-26 18:15:37.472000Z - uploaded.net - 1743011941 status: 0
2025-03-26 18:15:37.472000Z - taleo.net - 1743011941 status: 0
2025-03-26 18:15:37.472000Z - txxx.com - 1743011941 status: 1
2025-03-26 18:15:37.472000Z - 1688.com - 1743011941 status: 0
2025-03-26 18:15:37.472000Z - inquirer.net - 1743011941 status: 1
2025-03-26 18:15:37.472000Z - rapidgator.net - 1743011941 status: 1
2025-03-26 18:15:37.472000Z - linkedin.com - 1743011941 status: 1
2025-03-26 18:15:37.472000Z - msn.com - 1743011941 status: 1
2025-03-26 18:15:37.472000Z - tripadvisor.com - 1743011941 status: 1
2025-03-26 18:15:37.472000Z - novinky.cz - 1743011941 status: 1
2025-03-26 18:15:37.472000Z - google.co.jp - 1743011941 status: 1
2025-03-26 18:15:37.472000Z - goal.com - 1743011941 status: 1
2025-03-26 18:15:37.472000Z - marketwatch.com - 1743011941 status: 1
2025-03-26 18:15:37.472000Z - asos.com - 1743011941 status: 1
2025-03-26 18:15:37.472000Z - manoramaonline.com - 1743011941 status: 1
2025-03-26 18:15:37.472000Z - eyny.com - 1743011941 status: 0
2025-03-26 18:15:37.472000Z - eonline.com - 1743011941 status: 1
2025-03-26 18:15:37.472000Z - google.kz - 1743011941 status: 1
2025-03-26 18:15:37.472000Z - usaa.com - 1743011941 status: 1
2025-03-26 18:15:37.472000Z - openload.co - 1743011941 status: 0
2025-03-26 18:15:37.472000Z - 123rf.com - 1743011941 status: 1
2025-03-26 18:15:37.472000Z - 4399.com - 1743011941 status: 1
2025-03-26 18:15:37.472000Z - baike.com - 1743011941 status: 1
2025-03-26 18:15:37.472000Z - chosun.com - 1743011941 status: 1
2025-03-26 18:15:37.472000Z - blogspot.com - 1743011941 status: 1
2025-03-26 18:15:37.472000Z - upornia.com - 1743011941 status: 1
2025-03-26 18:15:37.472000Z - cnbc.com - 1743011941 status: 1
2025-03-26 18:15:37.472000Z - disqus.com - 1743011941 status: 1
2025-03-26 18:15:37.472000Z - exoclick.com - 1743011941 status: 1
2025-03-26 18:15:37.472000Z - hotels.com - 1743011941 status: 1
2025-03-26 18:15:37.472000Z - chinadaily.com.cn - 1743011941 status: 1
2025-03-26 18:15:37.472000Z - dmm.co.jp - 1743011941 status: 1
2025-03-26 18:15:37.472000Z - verizonwireless.com - 1743011941 status: 1
2025-03-26 18:15:37.472000Z - google.lk - 1743011941 status: 1
2025-03-26 18:15:37.472000Z - quikr.com - 1743011941 status: 1
2025-03-26 18:15:37.472000Z - lifehacker.com - 1743011941 status: 1
2025-03-26 18:15:37.472000Z - mail.ru - 1743011941 status: 1
2025-03-26 18:15:37.472000Z - popsugar.com - 1743011941 status: 1
2025-03-26 18:15:37.472000Z - udn.com - 1743011941 status: 1
2025-03-26 18:15:37.472000Z - ask.com - 1743011941 status: 1
2025-03-26 18:15:37.472000Z - rdsa2013.com - 1743011941 status: 0
2025-03-26 18:15:37.472000Z - flickr.com - 1743011941 status: 1
2025-03-26 18:15:37.472000Z - zulily.com - 1743011941 status: 1
2025-03-26 18:15:37.472000Z - extratorrent.cc - 1743011941 status: 0
2025-03-26 18:15:37.472000Z - zippyshare.com - 1743011941 status: 1
2025-03-26 18:15:37.472000Z - google.sk - 1743011941 status: 1
2025-03-26 18:15:37.472000Z - ouo.io - 1743011941 status: 1
2025-03-26 18:15:37.472000Z - beeg.com - 1743011941 status: 0
2025-03-26 18:15:37.472000Z - medium.com - 1743011941 status: 1
2025-03-26 18:15:37.472000Z - appledaily.com.tw - 1743011941 status: 0
2025-03-26 18:15:37.472000Z - taboola.com - 1743011941 status: 1
2025-03-26 18:15:37.472000Z - line.me - 1743011941 status: 1
2025-03-26 18:15:37.472000Z - 1905.com - 1743011941 status: 0
2025-03-26 18:15:37.474000Z - howtogeek.com - 1743011941 status: 1
2025-03-26 18:15:37.474000Z - buzzfil.net - 1743011941 status: 0
2025-03-26 18:15:37.474000Z - zhihu.com - 1743011941 status: 1
2025-03-26 18:15:37.474000Z - slimspots.com - 1743011941 status: 1
2025-03-26 18:15:37.474000Z - agar.io - 1743011941 status: 0
2025-03-26 18:15:37.474000Z - slideshare.net - 1743011941 status: 1
2025-03-26 18:15:37.474000Z - zillow.com - 1743011941 status: 1
2025-03-26 18:15:37.474000Z - kaskus.co.id - 1743011941 status: 1
2025-03-26 18:15:37.474000Z - blog-newstime.com - 1743011941 status: 0
2025-03-26 18:15:37.474000Z - daikynguyenvn.com - 1743011941 status: 1
2025-03-26 18:15:37.474000Z - vk.com - 1743011941 status: 1
2025-03-26 18:15:37.474000Z - incometaxindiaefiling.gov.in - 1743011941 status: 0
2025-03-26 18:15:37.474000Z - blogspot.in - 1743011941 status: 0
2025-03-26 18:15:37.474000Z - scribd.com - 1743011941 status: 1
2025-03-26 18:15:37.474000Z - olx.pl - 1743011941 status: 1
2025-03-26 18:15:37.474000Z - nike.com - 1743011941 status: 1
2025-03-26 18:15:37.474000Z - alwafd.org - 1743011941 status: 0
2025-03-26 18:15:37.474000Z - xda-developers.com - 1743011941 status: 1
2025-03-26 18:15:37.474000Z - people.com - 1743011941 status: 1
2025-03-26 18:15:37.474000Z - 123movies.to - 1743011941 status: 1
2025-03-26 18:15:37.474000Z - aol.com - 1743011941 status: 1
2025-03-26 18:15:37.474000Z - pixiv.net - 1743011941 status: 1
2025-03-26 18:15:37.474000Z - ero-advertising.com - 1743011941 status: 1
2025-03-26 18:15:37.474000Z - yjc.ir - 1743011941 status: 1
2025-03-26 18:15:37.474000Z - snapdeal.com - 1743011941 status: 1
2025-03-26 18:15:37.474000Z - rednet.cn - 1743011941 status: 1
2025-03-26 18:15:37.474000Z - google.com.kw - 1743011941 status: 1
2025-03-26 18:15:37.474000Z - chinaso.com - 1743011941 status: 0
2025-03-26 18:15:37.474000Z - microsoftonline.com - 1743011941 status: 0
2025-03-26 18:15:37.474000Z - subito.it - 1743011941 status: 1
2025-03-26 18:15:37.474000Z - priceline.com - 1743011941 status: 0
2025-03-26 18:15:37.474000Z - trackingclick.net - 1743011941 status: 0
2025-03-26 18:15:37.474000Z - google.ie - 1743011941 status: 1
2025-03-26 18:15:37.474000Z - google.hr - 1743011941 status: 1
2025-03-26 18:15:37.474000Z - adnetworkperformance.com - 1743011941 status: 0
2025-03-26 18:15:37.474000Z - abs-cbn.com - 1743011941 status: 0
2025-03-26 18:15:37.474000Z - liputan6.com - 1743011941 status: 1
2025-03-26 18:15:37.474000Z - so.com - 1743011941 status: 1
2025-03-26 18:15:37.474000Z - hotmovs.com - 1743011941 status: 1
2025-03-26 18:15:37.474000Z - reverso.net - 1743011941 status: 1
2025-03-26 18:15:37.474000Z - sankei.com - 1743011941 status: 0
2025-03-26 18:15:37.474000Z - goodreads.com - 1743011941 status: 1
2025-03-26 18:15:37.474000Z - slickdeals.net - 1743011941 status: 1
2025-03-26 18:15:37.474000Z - likes.com - 1743011941 status: 1
2025-03-26 18:15:37.474000Z - list.tmall.com - 1743011941 status: 1
2025-03-26 18:15:37.474000Z - tokopedia.com - 1743011941 status: 1
2025-03-26 18:15:37.474000Z - babycenter.com - 1743011941 status: 1
2025-03-26 18:15:37.474000Z - ettoday.net - 1743011941 status: 1
2025-03-26 18:15:37.474000Z - hclips.com - 1743011941 status: 1
2025-03-26 18:15:37.474000Z - legacy.com - 1743011941 status: 1
2025-03-26 18:15:37.474000Z - oracle.com - 1743011941 status: 1
2025-03-26 18:15:37.474000Z - gyazo.com - 1743011941 status: 1
2025-03-26 18:15:37.474000Z - doublepimp.com - 1743011941 status: 0
2025-03-26 18:15:37.474000Z - microsoft.com - 1743011941 status: 1
2025-03-26 18:15:37.474000Z - gamer.com.tw - 1743011941 status: 1
2025-03-26 18:15:37.474000Z - sberbank.ru - 1743011941 status: 1
2025-03-26 18:15:37.474000Z - salesforce.com - 1743011941 status: 1
2025-03-26 18:15:37.474000Z - instagram.com - 1743011941 status: 1
2025-03-26 18:15:37.474000Z - secureserver.net - 1743011941 status: 1
2025-03-26 18:15:37.474000Z - life.tw - 1743011941 status: 1
2025-03-26 18:15:37.474000Z - coursera.org - 1743011941 status: 1
2025-03-26 18:15:37.474000Z - ryanair.com - 1743011941 status: 1
2025-03-26 18:15:37.474000Z - naver.com - 1743011941 status: 1
2025-03-26 18:15:37.474000Z - clipconverter.cc - 1743011941 status: 1
2025-03-26 18:15:37.474000Z - amazon.de - 1743011941 status: 1
2025-03-26 18:15:37.474000Z - adplxmd.com - 1743011941 status: 1
2025-03-26 18:15:37.474000Z - popads.net - 1743011941 status: 1
2025-03-26 18:15:37.474000Z - rakuten.co.jp - 1743011941 status: 1
2025-03-26 18:15:37.474000Z - sfgate.com - 1743011941 status: 1
2025-03-26 18:15:37.474000Z - squarespace.com - 1743011941 status: 1
2025-03-26 18:15:37.474000Z - impress.co.jp - 1743011941 status: 1
2025-03-26 18:15:37.474000Z - shutterstock.com - 1743011941 status: 1
2025-03-26 18:15:37.474000Z - zoho.com - 1743011941 status: 1
2025-03-26 18:15:37.474000Z - airbnb.com - 1743011941 status: 1
2025-03-26 18:15:37.474000Z - wowhead.com - 1743011941 status: 1
2025-03-26 18:15:37.474000Z - rbc.ru - 1743011941 status: 0
2025-03-26 18:15:37.474000Z - jrj.com.cn - 1743011941 status: 0
2025-03-26 18:15:37.474000Z - mashable.com - 1743011941 status: 1
2025-03-26 18:15:37.474000Z - loading-delivery2.com - 1743011941 status: 0
2025-03-26 18:15:37.474000Z - netteller.com - 1743011941 status: 0
2025-03-26 18:15:37.474000Z - media.tumblr.com - 1743011941 status: 1
2025-03-26 18:15:37.474000Z - sky.com - 1743011941 status: 0
2025-03-26 18:15:37.474000Z - nbcnews.com - 1743011941 status: 1
2025-03-26 18:15:37.474000Z - blogspot.mx - 1743011941 status: 0
2025-03-26 18:15:37.474000Z - uefa.com - 1743011941 status: 0
2025-03-26 18:15:37.474000Z - engadget.com - 1743011941 status: 1
2025-03-26 18:15:37.474000Z - gmarket.co.kr - 1743011941 status: 0
2025-03-26 18:15:37.474000Z - theguardian.com - 1743011941 status: 1
2025-03-26 18:15:37.474000Z - eroterest.net - 1743011941 status: 0
2025-03-26 18:15:37.474000Z - ok.ru - 1743011941 status: 1
2025-03-26 18:15:37.474000Z - citibank.co.in - 1743011941 status: 0
2025-03-26 18:15:37.474000Z - battle.net - 1743011941 status: 1
2025-03-26 18:15:37.474000Z - google.at - 1743011941 status: 1
2025-03-26 18:15:37.474000Z - cookpad.com - 1743011941 status: 0
2025-03-26 18:15:37.474000Z - amazon.in - 1743011941 status: 1
2025-03-26 18:15:37.474000Z - xunlei.com - 1743011941 status: 0
2025-03-26 18:15:37.474000Z - fiverr.com - 1743011941 status: 1
2025-03-26 18:15:37.474000Z - nba.com - 1743011941 status: 1
2025-03-26 18:15:37.474000Z - yahoo.co.jp - 1743011941 status: 1
2025-03-26 18:15:37.474000Z - nytimes.com - 1743011941 status: 1
2025-03-26 18:15:37.474000Z - detail.tmall.com - 1743011941 status: 1
2025-03-26 18:15:37.474000Z - time.com - 1743011941 status: 1
2025-03-26 18:15:37.474000Z - bomb01.com - 1743011941 status: 1
2025-03-26 18:15:37.474000Z - clien.net - 1743011941 status: 0
2025-03-26 18:15:37.474000Z - gmanetwork.com - 1743011941 status: 1
2025-03-26 18:15:37.474000Z - okcupid.com - 1743011941 status: 1
2025-03-26 18:15:37.474000Z - yahoo.com - 1743011941 status: 1
2025-03-26 18:15:37.474000Z - google.com.sg - 1743011941 status: 1
2025-03-26 18:15:37.474000Z - tabelog.com - 1743011941 status: 1
2025-03-26 18:15:37.474000Z - n121adserv.com - 1743011941 status: 0
2025-03-26 18:15:37.474000Z - yodobashi.com - 1743011941 status: 0
2025-03-26 18:15:37.474000Z - 51sole.com - 1743011941 status: 1
2025-03-26 18:15:37.474000Z - tim.it - 1743011941 status: 1
2025-03-26 18:15:37.474000Z - banggood.com - 1743011941 status: 0
2025-03-26 18:15:37.474000Z - terraclicks.com - 1743011941 status: 1
2025-03-26 18:15:37.474000Z - intuit.com - 1743011941 status: 1
2025-03-26 18:15:37.474000Z - live.com - 1743011941 status: 1
2025-03-26 18:15:37.474000Z - indianrail.gov.in - 1743011941 status: 0
2025-03-26 18:15:37.474000Z - liveinternet.ru - 1743011941 status: 1
2025-03-26 18:15:37.474000Z - detik.com - 1743011941 status: 1
2025-03-26 18:15:37.474000Z - mlb.com - 1743011941 status: 1
2025-03-26 18:15:37.474000Z - panda.tv - 1743011941 status: 0
2025-03-26 18:15:37.474000Z - blogger.com - 1743011941 status: 1
2025-03-26 18:15:37.474000Z - wikipedia.org - 1743011941 status: 1
2025-03-26 18:15:37.474000Z - thisav.com - 1743011941 status: 1
2025-03-26 18:15:37.474000Z - xinhuanet.com - 1743011941 status: 1
2025-03-26 18:15:37.474000Z - amazon.fr - 1743011941 status: 1
2025-03-26 18:15:37.474000Z - giphy.com - 1743011941 status: 1
2025-03-26 18:15:37.474000Z - 51yes.com - 1743011941 status: 0
2025-03-26 18:15:37.474000Z - google.com.eg - 1743011941 status: 1
2025-03-26 18:15:37.474000Z - intoday.in - 1743011941 status: 1
2025-03-26 18:15:37.474000Z - techcrunch.com - 1743011941 status: 1
2025-03-26 18:15:37.474000Z - korabia.com - 1743011941 status: 1
2025-03-26 18:15:37.474000Z - steampowered.com - 1743011941 status: 0
2025-03-26 18:15:37.474000Z - etsy.com - 1743011941 status: 1
2025-03-26 18:15:37.474000Z - evernote.com - 1743011941 status: 1
2025-03-26 18:15:37.474000Z - blog.me - 1743011941 status: 0
2025-03-26 18:15:37.474000Z - amazon.es - 1743011941 status: 1
2025-03-26 18:15:37.474000Z - vnexpress.net - 1743011941 status: 1
2025-03-26 18:15:37.474000Z - yandex.com.tr - 1743011941 status: 0
2025-03-26 18:15:37.474000Z - labanquepostale.fr - 1743011941 status: 1
2025-03-26 18:15:37.474000Z - wav.tv - 1743011941 status: 1
2025-03-26 18:15:37.474000Z - google.ro - 1743011941 status: 1
2025-03-26 18:15:37.474000Z - onlinecreditcenter6.com - 1743011941 status: 0
2025-03-26 18:15:37.474000Z - ck101.com - 1743011941 status: 0
2025-03-26 18:15:37.474000Z - infoseek.co.jp - 1743011941 status: 0
2025-03-26 18:15:37.474000Z - ltn.com.tw - 1743011941 status: 1
2025-03-26 18:15:37.474000Z - nametests.com - 1743011941 status: 1
2025-03-26 18:15:37.474000Z - deviantart.com - 1743011941 status: 1
2025-03-26 18:15:37.474000Z - tianya.cn - 1743011941 status: 0
2025-03-26 18:15:37.474000Z - bestadbid.com - 1743011941 status: 0
2025-03-26 18:15:37.474000Z - airtel.in - 1743011941 status: 1
2025-03-26 18:15:37.474000Z - drom.ru - 1743011941 status: 1
2025-03-26 18:15:37.474000Z - google.cn - 1743011941 status: 0
2025-03-26 18:15:37.474000Z - dream.co.id - 1743011941 status: 1
2025-03-26 18:15:37.474000Z - 51.la - 1743011941 status: 1
2025-03-26 18:15:37.474000Z - wikimedia.org - 1743011941 status: 1
2025-03-26 18:15:37.474000Z - hepsiburada.com - 1743011941 status: 1
2025-03-26 18:15:37.474000Z - sfr.fr - 1743011941 status: 1
2025-03-26 18:15:37.474000Z - comcast.net - 1743011941 status: 1
2025-03-26 18:15:37.474000Z - redfin.com - 1743011941 status: 1
2025-03-26 18:15:37.474000Z - google.co.nz - 1743011941 status: 1
2025-03-26 18:15:37.474000Z - gigazine.net - 1743011941 status: 1
2025-03-26 18:15:37.474000Z - 6pm.com - 1743011941 status: 1
2025-03-26 18:15:37.474000Z - bloomberg.com - 1743011941 status: 1
2025-03-26 18:15:37.474000Z - wittyfeed.com - 1743011941 status: 0
2025-03-26 18:15:37.474000Z - 11st.co.kr - 1743011941 status: 1
2025-03-26 18:15:37.474000Z - diply.com - 1743011941 status: 1
2025-03-26 18:15:37.474000Z - issuu.com - 1743011941 status: 1
2025-03-26 18:15:37.474000Z - ultimate-guitar.com - 1743011941 status: 1
2025-03-26 18:15:37.474000Z - aa.com - 1743011941 status: 0
2025-03-26 18:15:37.474000Z - dailymail.co.uk - 1743011941 status: 1
2025-03-26 18:15:37.474000Z - bitbucket.org - 1743011941 status: 1
2025-03-26 18:15:37.474000Z - emol.com - 1743011941 status: 0
2025-03-26 18:15:37.474000Z - watsons.tmall.com - 1743011941 status: 1
2025-03-26 18:15:37.474000Z - surveymonkey.com - 1743011941 status: 1
2025-03-26 18:15:37.474000Z - yadi.sk - 1743011941 status: 1
2025-03-26 18:15:37.474000Z - meaww.com - 1743011941 status: 1
2025-03-26 18:15:37.474000Z - blastingnews.com - 1743011941 status: 1
2025-03-26 18:15:37.474000Z - adp.com - 1743011941 status: 1
2025-03-26 18:15:37.474000Z - tripadvisor.co.uk - 1743011941 status: 1
2025-03-26 18:15:37.474000Z - vodlocker.com - 1743011941 status: 0
2025-03-26 18:15:37.474000Z - 163.com - 1743011941 status: 1
2025-03-26 18:15:37.474000Z - sharepoint.com - 1743011941 status: 1
2025-03-26 18:15:37.474000Z - realtor.com - 1743011941 status: 1
2025-03-26 18:15:37.474000Z - diep.io - 1743011941 status: 1
2025-03-26 18:15:37.474000Z - liveleak.com - 1743011941 status: 1
2025-03-26 18:15:37.474000Z - github.io - 1743011941 status: 1
2025-03-26 18:15:37.474000Z - buzzfeed.com - 1743011941 status: 1
2025-03-26 18:15:37.474000Z - sahibinden.com - 1743011941 status: 1
2025-03-26 18:15:37.474000Z - wiktionary.org - 1743011941 status: 1
2025-03-26 18:15:37.474000Z - doubleclick.net - 1743011941 status: 1
2025-03-26 18:15:37.474000Z - onlinesbi.com - 1743011941 status: 0
2025-03-26 18:15:37.474000Z - blogimg.jp - 1743011941 status: 0
2025-03-26 18:15:37.474000Z - spiegel.de - 1743011941 status: 1
2025-03-26 18:15:37.474000Z - cpasbien.cm - 1743011941 status: 1
2025-03-26 18:15:37.474000Z - digitaltrends.com - 1743011941 status: 1
2025-03-26 18:15:37.474000Z - apple.com - 1743011941 status: 1
2025-03-26 18:15:37.474000Z - myntra.com - 1743011941 status: 1
2025-03-26 18:15:37.474000Z - jcpenney.com - 1743011941 status: 1
2025-03-26 18:15:37.474000Z - youporn.com - 1743011941 status: 1
2025-03-26 18:15:37.474000Z - yallakora.com - 1743011941 status: 1
2025-03-26 18:15:37.474000Z - expedia.com - 1743011941 status: 1
2025-03-26 18:15:37.474000Z - google.cz - 1743011941 status: 1
2025-03-26 18:15:37.474000Z - google.co.th - 1743011941 status: 1
2025-03-26 18:15:37.474000Z - nifty.com - 1743011941 status: 1
2025-03-26 18:15:37.474000Z - battlefield.com - 1743011941 status: 1
2025-03-26 18:15:37.474000Z - asahi.com - 1743011941 status: 1
2025-03-26 18:15:37.474000Z - ero-video.net - 1743011941 status: 1
2025-03-26 18:15:37.474000Z - cisco.com - 1743011941 status: 0
2025-03-26 18:15:37.474000Z - irs.gov - 1743011941 status: 1
2025-03-26 18:15:37.474000Z - goo.ne.jp - 1743011941 status: 1
2025-03-26 18:15:37.474000Z - google.fi - 1743011941 status: 1
2025-03-26 18:15:37.474000Z - github.com - 1743011941 status: 1
2025-03-26 18:15:37.474000Z - chip.de - 1743011941 status: 1
2025-03-26 18:15:37.474000Z - hamariweb.com - 1743011941 status: 1
2025-03-26 18:15:37.474000Z - pof.com - 1743011941 status: 1
2025-03-26 18:15:37.474000Z - office.com - 1743011941 status: 1
2025-03-26 18:15:37.474000Z - paypal.com - 1743011941 status: 1
2025-03-26 18:15:37.474000Z - acunn.com - 1743011941 status: 1
2025-03-26 18:15:37.474000Z - usps.com - 1743011941 status: 1
2025-03-26 18:15:37.474000Z - google.ch - 1743011941 status: 1
2025-03-26 18:15:37.474000Z - google.dz - 1743011941 status: 1
2025-03-26 18:15:37.474000Z - twoo.com - 1743011941 status: 1
2025-03-26 18:15:37.474000Z - lacaixa.es - 1743011941 status: 1
2025-03-26 18:15:37.474000Z - thethao247.vn - 1743011941 status: 1
2025-03-26 18:15:37.474000Z - nypost.com - 1743011941 status: 1
2025-03-26 18:15:37.474000Z - jin115.com - 1743011941 status: 1
2025-03-26 18:15:37.474000Z - hulu.com - 1743011941 status: 1
2025-03-26 18:15:37.474000Z - google.com.ph - 1743011941 status: 1
2025-03-26 18:15:37.474000Z - directrev.com - 1743011941 status: 0
2025-03-26 18:15:37.474000Z - google.se - 1743011941 status: 1
2025-03-26 18:15:37.474000Z - leagueoflegends.com - 1743011941 status: 1
2025-03-26 18:15:37.474000Z - hh.ru - 1743011941 status: 1
2025-03-26 18:15:37.474000Z - discovercard.com - 1743011941 status: 1
2025-03-26 18:15:37.474000Z - yts.ag - 1743011941 status: 1
2025-03-26 18:15:37.474000Z - blogfa.com - 1743011941 status: 1
2025-03-26 18:15:37.474000Z - myway.com - 1743011941 status: 1
2025-03-26 18:15:37.474000Z - alibaba.com - 1743011941 status: 1
2025-03-26 18:15:37.474000Z - google.co.ve - 1743011941 status: 1
2025-03-26 18:15:37.474000Z - bbc.co.uk - 1743011941 status: 1
2025-03-26 18:15:37.474000Z - youboy.com - 1743011941 status: 0
2025-03-26 18:15:37.474000Z - glassdoor.com - 1743011941 status: 1
2025-03-26 18:15:37.474000Z - indeed.com - 1743011941 status: 1
2025-03-26 18:15:37.474000Z - ndtv.com - 1743011941 status: 1
2025-03-26 18:15:37.474000Z - sabq.org - 1743011941 status: 1
2025-03-26 18:15:37.474000Z - trulia.com - 1743011941 status: 1
2025-03-26 18:15:37.474000Z - hao123.com - 1743011941 status: 1
2025-03-26 18:15:37.474000Z - staples.com - 1743011941 status: 1
2025-03-26 18:15:37.474000Z - misrjournal.com - 1743011941 status: 0
2025-03-26 18:15:37.474000Z - swagbucks.com - 1743011941 status: 1
2025-03-26 18:15:37.474000Z - seesaa.net - 1743011941 status: 0
2025-03-26 18:15:37.474000Z - foodnetwork.com - 1743011941 status: 1
2025-03-26 18:15:37.474000Z - fbcdn.net - 1743011941 status: 1
2025-03-26 18:15:37.474000Z - webmd.com - 1743011941 status: 1
2025-03-26 18:15:37.474000Z - google.com.br - 1743011941 status: 1
2025-03-26 18:15:37.474000Z - ifeng.com - 1743011941 status: 0
2025-03-26 18:15:37.474000Z - drudgereport.com - 1743011941 status: 1
2025-03-26 18:15:37.474000Z - citi.com - 1743011941 status: 1
2025-03-26 18:15:37.474000Z - asana.com - 1743011941 status: 1
2025-03-26 18:15:37.474000Z - yomiuri.co.jp - 1743011941 status: 1
2025-03-26 18:15:37.474000Z - costco.com - 1743011941 status: 0
2025-03-26 18:15:37.474000Z - 58.com - 1743011941 status: 0
2025-03-26 18:15:37.474000Z - nyaa.se - 1743011941 status: 0
2025-03-26 18:15:37.474000Z - mataharimall.com - 1743011941 status: 0
2025-03-26 18:15:37.474000Z - torcache.net - 1743011941 status: 1
2025-03-26 18:15:37.474000Z - csgolounge.com - 1743011941 status: 1
2025-03-26 18:15:37.474000Z - tumblr.com - 1743011941 status: 1
2025-03-26 18:15:37.474000Z - thepiratebay.org - 1743011941 status: 1
2025-03-26 18:15:37.474000Z - corriere.it - 1743011941 status: 1
2025-03-26 18:15:37.474000Z - nydailynews.com - 1743011941 status: 1
2025-03-26 18:15:37.474000Z - libero.it - 1743011941 status: 1
2025-03-26 18:15:37.474000Z - ikea.com - 1743011941 status: 1
2025-03-26 18:15:37.474000Z - google.co.il - 1743011941 status: 1
2025-03-26 18:15:37.474000Z - facebook.com - 1743011941 status: 1
2025-03-26 18:15:37.474000Z - ebay.com - 1743011941 status: 1
2025-03-26 18:15:37.474000Z - google.dk - 1743011941 status: 1
2025-03-26 18:15:37.474000Z - theladbible.com - 1743011941 status: 0
2025-03-26 18:15:37.474000Z - hatenablog.com - 1743011941 status: 1
2025-03-26 18:15:37.474000Z - nextdoor.com - 1743011941 status: 1
2025-03-26 18:15:37.474000Z - wayfair.com - 1743011941 status: 1
2025-03-26 18:15:37.474000Z - cdiscount.com - 1743011941 status: 1
2025-03-26 18:15:37.474000Z - drive2.ru - 1743011941 status: 1
2025-03-26 18:15:37.474000Z - bestbuy.com - 1743011941 status: 0
2025-03-26 18:15:37.474000Z - kdnet.net - 1743011941 status: 0
2025-03-26 18:15:37.474000Z - genius.com - 1743011941 status: 1
2025-03-26 18:15:37.474000Z - usbank.com - 1743011941 status: 1
2025-03-26 18:15:37.474000Z - icolor.com.cn - 1743011941 status: 1
2025-03-26 18:15:37.474000Z - tube8.com - 1743011941 status: 1
2025-03-26 18:15:37.474000Z - slack.com - 1743011941 status: 1
2025-03-26 18:15:37.474000Z - google.fr - 1743011941 status: 1
2025-03-26 18:15:37.474000Z - nicovideo.jp - 1743011941 status: 1
2025-03-26 18:15:37.474000Z - google.com.tr - 1743011941 status: 1
2025-03-26 18:15:37.474000Z - gsmarena.com - 1743011941 status: 1
2025-03-26 18:15:37.474000Z - fandango.com - 1743011941 status: 1
2025-03-26 18:15:37.474000Z - reimageplus.com - 1743011941 status: 0
2025-03-26 18:15:37.474000Z - woot.com - 1743011941 status: 0
2025-03-26 18:15:37.474000Z - hotnewhiphop.com - 1743011941 status: 1
2025-03-26 18:15:37.474000Z - creditkarma.com - 1743011941 status: 0
2025-03-26 18:15:37.474000Z - google.de - 1743011941 status: 1
2025-03-26 18:15:37.474000Z - lemonde.fr - 1743011941 status: 1
2025-03-26 18:15:37.474000Z - java.com - 1743011941 status: 0
2025-03-26 18:15:37.474000Z - t-online.de - 1743011941 status: 1
2025-03-26 18:15:37.474000Z - usatoday.com - 1743011941 status: 1
2025-03-26 18:15:37.474000Z - quanjing.com - 1743011941 status: 1
2025-03-26 18:15:37.474000Z - europa.eu - 1743011941 status: 0
2025-03-26 18:15:37.474000Z - 104.com.tw - 1743011941 status: 1
2025-03-26 18:15:37.474000Z - paytm.in - 1743011941 status: 0
2025-03-26 18:15:37.474000Z - brightonclick.com - 1743011941 status: 0
2025-03-26 18:15:37.474000Z - bbc.com - 1743011941 status: 1
2025-03-26 18:15:37.474000Z - rambler.ru - 1743011941 status: 1
2025-03-26 18:15:37.474000Z - nikkei.com - 1743011941 status: 0
2025-03-26 18:15:37.474000Z - china.com.cn - 1743011941 status: 0
2025-03-26 18:15:37.474000Z - gamefaqs.com - 1743011941 status: 1
2025-03-26 18:15:37.474000Z - ancestry.com - 1743011941 status: 1
2025-03-26 18:15:37.474000Z - google.com.sa - 1743011941 status: 1
2025-03-26 18:15:37.474000Z - gamersky.com - 1743011941 status: 1
2025-03-26 18:15:37.474000Z - alicdn.com - 1743011941 status: 0
2025-03-26 18:15:37.474000Z - atwiki.jp - 1743011941 status: 1
2025-03-26 18:15:37.474000Z - rutracker.org - 1743011941 status: 0
2025-03-26 18:15:37.474000Z - clickadu.com - 1743011941 status: 1
2025-03-26 18:15:37.474000Z - hm.com - 1743011941 status: 1
2025-03-26 18:15:37.474000Z - ebay.in - 1743011941 status: 1
2025-03-26 18:15:37.474000Z - dailymotion.com - 1743011941 status: 1
2025-03-26 18:15:37.474000Z - elmogaz.com - 1743011941 status: 1
2025-03-26 18:15:37.474000Z - japanpost.jp - 1743011941 status: 0
2025-03-26 18:15:37.474000Z - craigslist.org - 1743011941 status: 1
2025-03-26 18:15:37.474000Z - shaparak.ir - 1743011941 status: 0
2025-03-26 18:15:37.474000Z - houzz.com - 1743011941 status: 1
2025-03-26 18:15:37.474000Z - yaolan.com - 1743011941 status: 1
2025-03-26 18:15:37.474000Z - stackexchange.com - 1743011941 status: 1
2025-03-26 18:15:37.474000Z - gawker.com - 1743011941 status: 1
2025-03-26 18:15:37.474000Z - lenta.ru - 1743011941 status: 1
2025-03-26 18:15:37.474000Z - shopclues.com - 1743011941 status: 1
2025-03-26 18:15:37.474000Z - nikkeibp.co.jp - 1743011941 status: 1
2025-03-26 18:15:37.474000Z - vimeo.com - 1743011941 status: 1
2025-03-26 18:15:37.474000Z - friv.com - 1743011941 status: 1
2025-03-26 18:15:37.474000Z - google.com.au - 1743011941 status: 1
2025-03-26 18:15:37.474000Z - conservativetribune.com - 1743011941 status: 1
2025-03-26 18:15:37.474000Z - sq.cn - 1743011941 status: 0
2025-03-26 18:15:37.474000Z - fc2.com - 1743011941 status: 1
2025-03-26 18:15:37.474000Z - google.com.ec - 1743011941 status: 1
2025-03-26 18:15:37.474000Z - wordpress.com - 1743011941 status: 1
2025-03-26 18:15:37.474000Z - telegram.org - 1743011941 status: 0
2025-03-26 18:15:37.474000Z - india.com - 1743011941 status: 1
2025-03-26 18:15:37.474000Z - hotstar.com - 1743011941 status: 1
2025-03-26 18:15:37.474000Z - adexc.net - 1743011941 status: 1
2025-03-26 18:15:37.474000Z - lequipe.fr - 1743011941 status: 1
2025-03-26 18:15:37.474000Z - fatosdesconhecidos.com.br - 1743011941 status: 1
2025-03-26 18:15:37.474000Z - 123cha.com - 1743011941 status: 1
2025-03-26 18:15:37.474000Z - foxnews.com - 1743011941 status: 1
2025-03-26 18:15:37.475000Z - qvc.com - 1743011941 status: 1
2025-03-26 18:15:37.475000Z - milanuncios.com - 1743011941 status: 1
2025-03-26 18:15:37.475000Z - nownews.com - 1743011941 status: 1
2025-03-26 18:15:37.475000Z - gmx.net - 1743011941 status: 1
2025-03-26 18:15:37.475000Z - youm7.com - 1743011941 status: 1
2025-03-26 18:15:37.475000Z - superuser.com - 1743011941 status: 1
2025-03-26 18:15:37.475000Z - merdeka.com - 1743011941 status: 1
2025-03-26 18:15:37.475000Z - instructables.com - 1743011941 status: 1
2025-03-26 18:15:37.475000Z - csdn.net - 1743011941 status: 1
2025-03-26 18:15:37.475000Z - amazon.co.uk - 1743011941 status: 1
2025-03-26 18:15:37.475000Z - kayak.com - 1743011941 status: 1
2025-03-26 18:15:37.475000Z - t-mobile.com - 1743011941 status: 1
2025-03-26 18:15:37.475000Z - united.com - 1743011941 status: 1
2025-03-26 18:15:37.475000Z - 4chan.org - 1743011941 status: 1
2025-03-26 18:15:37.475000Z - handycafe.com - 1743011941 status: 1
2025-03-26 18:15:37.475000Z - custhelp.com - 1743011941 status: 0
2025-03-26 18:15:37.475000Z - mega.nz - 1743011941 status: 1
2025-03-26 18:15:37.475000Z - twitter.com - 1743011941 status: 1
2025-03-26 18:15:37.475000Z - uptobox.com - 1743011941 status: 1
2025-03-26 18:15:37.475000Z - www.gov.uk - 1743011941 status: 1
2025-03-26 18:15:37.475000Z - google.com.do - 1743011941 status: 1
2025-03-26 18:15:37.475000Z - billdesk.com - 1743011941 status: 0
2025-03-26 18:15:37.475000Z - thehindu.com - 1743011941 status: 1
2025-03-26 18:15:37.475000Z - familydoctor.com.cn - 1743011941 status: 1
2025-03-26 18:15:37.475000Z - 360.com - 1743011941 status: 1
2025-03-26 18:15:37.475000Z - android.com - 1743011941 status: 1
2025-03-26 18:15:37.475000Z - as.com - 1743011941 status: 1
2025-03-26 18:15:37.475000Z - bt.com - 1743011941 status: 1
2025-03-26 18:15:37.475000Z - fitbit.com - 1743011941 status: 1
2025-03-26 18:15:37.475000Z - cnmo.com - 1743011941 status: 1
2025-03-26 18:15:37.475000Z - garmin.com - 1743011941 status: 1
2025-03-26 18:15:37.475000Z - washingtonpost.com - 1743011941 status: 1
2025-03-26 18:15:37.475000Z - forbes.com - 1743011941 status: 1
2025-03-26 18:15:37.475000Z - ptt.cc - 1743011941 status: 1
2025-03-26 18:15:37.475000Z - lifebuzz.com - 1743011941 status: 0
2025-03-26 18:15:37.475000Z - pcmag.com - 1743011941 status: 1
2025-03-26 18:15:37.475000Z - atlassian.net - 1743011941 status: 1
2025-03-26 18:15:37.475000Z - ppomppu.co.kr - 1743011941 status: 1
2025-03-26 18:15:37.475000Z - voc.com.cn - 1743011941 status: 1
2025-03-26 18:15:37.475000Z - haber7.com - 1743011941 status: 1
2025-03-26 18:15:37.475000Z - orange.fr - 1743011941 status: 1
2025-03-26 18:15:37.475000Z - savefrom.net - 1743011941 status: 1
2025-03-26 18:15:37.475000Z - mit.edu - 1743011941 status: 0
2025-03-26 18:15:37.475000Z - bild.de - 1743011941 status: 1
2025-03-26 18:15:37.475000Z - wiley.com - 1743011941 status: 1
2025-03-26 18:15:37.475000Z - stackoverflow.com - 1743011941 status: 1
2025-03-26 18:15:37.475000Z - nih.gov - 1743011941 status: 0
2025-03-26 18:15:37.475000Z - speedtest.net - 1743011941 status: 1
2025-03-26 18:15:37.475000Z - pornhub.com - 1743011941 status: 0
2025-03-26 18:15:37.475000Z - mercadolibre.com.ve - 1743011941 status: 1
2025-03-26 18:15:37.475000Z - azlyrics.com - 1743011941 status: 1
2025-03-26 18:15:37.475000Z - match.com - 1743011941 status: 0
2025-03-26 18:15:37.475000Z - google.co.in - 1743011941 status: 1
2025-03-26 18:15:37.475000Z - google.no - 1743011941 status: 1
2025-03-26 18:15:37.475000Z - imzog.com - 1743011941 status: 0
2025-03-26 18:15:37.475000Z - elpais.com - 1743011941 status: 1
2025-03-26 18:15:37.475000Z - abcnews.go.com - 1743011941 status: 1
2025-03-26 18:15:37.475000Z - booking.com - 1743011941 status: 1
2025-03-26 18:15:37.475000Z - lowes.com - 1743011941 status: 1
2025-03-26 18:15:37.475000Z - lapatilla.com - 1743011941 status: 1
2025-03-26 18:15:37.475000Z - milliyet.com.tr - 1743011941 status: 1
2025-03-26 18:15:37.475000Z - researchgate.net - 1743011941 status: 1
2025-03-26 18:15:37.475000Z - dropbooks.tv - 1743011941 status: 0
2025-03-26 18:15:37.475000Z - haosou.com - 1743011941 status: 1
2025-03-26 18:15:37.475000Z - kinopoisk.ru - 1743011941 status: 1
2025-03-26 18:15:37.475000Z - neobux.com - 1743011941 status: 1
2025-03-26 18:15:37.475000Z - accuweather.com - 1743011941 status: 0
2025-03-26 18:15:37.475000Z - imdb.com - 1743011941 status: 1
2025-03-26 18:15:37.475000Z - wunderground.com - 1743011941 status: 1
2025-03-26 18:15:37.475000Z - 3dmgame.com - 1743011941 status: 1
2025-03-26 18:15:37.475000Z - google.ca - 1743011941 status: 1
2025-03-26 18:15:37.475000Z - huffingtonpost.com - 1743011941 status: 1
2025-03-26 18:15:37.475000Z - badoo.com - 1743011941 status: 0
2025-03-26 18:15:37.475000Z - discuss.com.hk - 1743011941 status: 0
2025-03-26 18:15:37.475000Z - gazeta.pl - 1743011941 status: 1
2025-03-26 18:15:37.475000Z - uzone.id - 1743011941 status: 1
2025-03-26 18:15:37.475000Z - tutorialspoint.com - 1743011941 status: 1
2025-03-26 18:15:37.475000Z - cbssports.com - 1743011941 status: 1
2025-03-26 18:15:37.475000Z - google.com.my - 1743011941 status: 1
2025-03-26 18:15:37.475000Z - todayhumor.co.kr - 1743011941 status: 0
2025-03-26 18:15:37.475000Z - google.hu - 1743011941 status: 1
2025-03-26 18:15:37.475000Z - 4shared.com - 1743011941 status: 1
2025-03-26 18:15:37.475000Z - espn.go.com - 1743011941 status: 1
2025-03-26 18:15:37.475000Z - onclickads.net - 1743011941 status: 1
2025-03-26 18:15:37.475000Z - bitauto.com - 1743011941 status: 1
2025-03-26 18:15:37.475000Z - outbrain.com - 1743011941 status: 1
2025-03-26 18:15:37.475000Z - suning.com - 1743011941 status: 0
2025-03-26 18:15:37.475000Z - fanpage.gr - 1743011941 status: 1
2025-03-26 18:15:37.475000Z - force.com - 1743011941 status: 1
2025-03-26 18:15:37.475000Z - webtretho.com - 1743011941 status: 1
2025-03-26 18:15:37.475000Z - uber.com - 1743011941 status: 1
2025-03-26 18:15:37.475000Z - mercadolibre.com.ar - 1743011941 status: 1
2025-03-26 18:15:37.475000Z - trello.com - 1743011941 status: 1
2025-03-26 18:15:37.475000Z - google.be - 1743011941 status: 1
2025-03-26 18:15:37.475000Z - allegro.pl - 1743011941 status: 1
2025-03-26 18:15:37.475000Z - google.com.mx - 1743011941 status: 1
2025-03-26 18:15:37.475000Z - mercadolibre.com.mx - 1743011941 status: 1
2025-03-26 18:15:37.475000Z - cbsnews.com - 1743011941 status: 1
2025-03-26 18:15:37.475000Z - bedbathandbeyond.com - 1743011941 status: 1
